<?xml version="1.0" encoding="UTF-8"?>
<!-- Generated by org.testng.reporters.JUnitXMLReporter -->
<testsuite ignored="0" hostname="DESKTOP-LOP61V2" failures="0" tests="4" name="Default test" time="3.86" errors="0" timestamp="2024-05-05T00:26:12 IST">
  <testcase classname="Test.OpenWeatherMapAPITest" name="testGetCurrentWeatherForCity" time="2.7"/>
  <testcase classname="Test.OpenWeatherMapAPITest" name="testGet5DayForecastForCity" time="0.463"/>
  <testcase classname="Test.OpenWeatherMapAPITest" name="testInvalidCityName" time="0.299"/>
  <testcase classname="Test.OpenWeatherMapAPITest" name="testInvalidAPIKey" time="0.325"/>
</testsuite> <!-- Default test -->
