<?xml version="1.0" encoding="UTF-8"?>
<!-- Generated by org.testng.reporters.JUnitXMLReporter -->
<testsuite ignored="0" hostname="DESKTOP-LOP61V2" failures="0" tests="4" name="Test" time="3.873" errors="0" timestamp="2024-05-05T00:32:57 IST">
  <testcase classname="Test.OpenWeatherMapAPITest" name="testGetCurrentWeatherForCity" time="2.705"/>
  <testcase classname="Test.OpenWeatherMapAPITest" name="testGet5DayForecastForCity" time="0.449"/>
  <testcase classname="Test.OpenWeatherMapAPITest" name="testInvalidCityName" time="0.327"/>
  <testcase classname="Test.OpenWeatherMapAPITest" name="testInvalidAPIKey" time="0.323"/>
</testsuite> <!-- Test -->
