<?xml version="1.0" encoding="UTF-8"?>
<testng-results ignored="0" total="4" passed="4" failed="0" skipped="0">
  <reporter-output>
  </reporter-output>
  <suite started-at="2024-05-05T00:32:53 IST" name="Suite" finished-at="2024-05-05T00:32:57 IST" duration-ms="3873">
    <groups>
    </groups>
    <test started-at="2024-05-05T00:32:53 IST" name="Test" finished-at="2024-05-05T00:32:57 IST" duration-ms="3873">
      <class name="Test.OpenWeatherMapAPITest">
        <test-method signature="testGetCurrentWeatherForCity(java.lang.String)[pri:1, instance:Test.OpenWeatherMapAPITest@fade1fc]" started-at="2024-05-05T00:32:53 IST" name="testGetCurrentWeatherForCity" data-provider="cityData" finished-at="2024-05-05T00:32:56 IST" duration-ms="2705" status="PASS">
          <params>
            <param index="0">
              <value>
                <![CDATA[London]]>
              </value>
            </param>
          </params>
          <reporter-output>
          </reporter-output>
        </test-method> <!-- testGetCurrentWeatherForCity -->
        <test-method signature="testGet5DayForecastForCity(java.lang.String)[pri:2, instance:Test.OpenWeatherMapAPITest@fade1fc]" started-at="2024-05-05T00:32:56 IST" name="testGet5DayForecastForCity" data-provider="cityData" finished-at="2024-05-05T00:32:56 IST" duration-ms="449" status="PASS">
          <params>
            <param index="0">
              <value>
                <![CDATA[London]]>
              </value>
            </param>
          </params>
          <reporter-output>
          </reporter-output>
        </test-method> <!-- testGet5DayForecastForCity -->
        <test-method signature="testInvalidCityName(java.lang.String)[pri:3, instance:Test.OpenWeatherMapAPITest@fade1fc]" started-at="2024-05-05T00:32:56 IST" name="testInvalidCityName" data-provider="cityData" finished-at="2024-05-05T00:32:56 IST" duration-ms="327" status="PASS">
          <params>
            <param index="0">
              <value>
                <![CDATA[Invalid CityName]]>
              </value>
            </param>
          </params>
          <reporter-output>
          </reporter-output>
        </test-method> <!-- testInvalidCityName -->
        <test-method signature="testInvalidAPIKey()[pri:4, instance:Test.OpenWeatherMapAPITest@fade1fc]" started-at="2024-05-05T00:32:56 IST" name="testInvalidAPIKey" finished-at="2024-05-05T00:32:57 IST" duration-ms="323" status="PASS">
          <reporter-output>
          </reporter-output>
        </test-method> <!-- testInvalidAPIKey -->
      </class> <!-- Test.OpenWeatherMapAPITest -->
    </test> <!-- Test -->
  </suite> <!-- Suite -->
</testng-results>
